<?xml version="1.0" encoding="UTF-8"?>
<!-- Generated by org.testng.reporters.JUnitReportReporter -->
<testsuite skipped="0" hostname="DESKTOP-U7TH2DH" name="tests.LoginTest" tests="2" failures="0" timestamp="2019-11-23T12:53:10 EST" time="24.106" errors="0">
  <testcase name="LoginWithWrongPasswordTest" time="12.746" classname="tests.LoginTest"/>
  <testcase name="LoginWithEmailTest" time="11.360" classname="tests.LoginTest"/>
</testsuite> <!-- tests.LoginTest -->
