<?xml version="1.0" encoding="UTF-8"?>
<!-- Generated by org.testng.reporters.JUnitReportReporter -->
<testsuite skipped="0" hostname="DESKTOP-U7TH2DH" name="restapi.rest.api.GetRequest" tests="1" failures="0" timestamp="2020-11-17T11:47:28 EST" time="4.861" errors="0">
  <testcase name="retrieveSpecificEmployee" time="4.861" classname="restapi.rest.api.GetRequest"/>
</testsuite> <!-- restapi.rest.api.GetRequest -->
