<?xml version="1.0" encoding="UTF-8"?>
<!-- Generated by org.testng.reporters.JUnitReportReporter -->
<testsuite skipped="0" hostname="DESKTOP-U7TH2DH" name="SelfStudy2.GoogleTest" tests="5" failures="0" timestamp="2019-11-12T23:29:12 EST" time="30.600" errors="0">
  <testcase name="googleLogoTest" time="5.766" classname="SelfStudy2.GoogleTest"/>
  <testcase name="googleTitleTest" time="5.828" classname="SelfStudy2.GoogleTest"/>
  <testcase name="mailLinkTest" time="6.991" classname="SelfStudy2.GoogleTest"/>
  <testcase name="google3" time="5.989" classname="SelfStudy2.GoogleTest"/>
  <testcase name="googleT" time="6.026" classname="SelfStudy2.GoogleTest"/>
</testsuite> <!-- SelfStudy2.GoogleTest -->
