<?xml version="1.0" encoding="UTF-8"?>
<!-- Generated by org.testng.reporters.JUnitReportReporter -->
<testsuite skipped="0" hostname="DESKTOP-U7TH2DH" name="testng.FirstTestngProgram" tests="2" failures="0" timestamp="2019-11-14T22:52:26 EST" time="14.033" errors="0">
  <testcase name="totalLinksCount" time="7.520" classname="testng.FirstTestngProgram"/>
  <testcase name="elementPresent" time="6.513" classname="testng.FirstTestngProgram"/>
</testsuite> <!-- testng.FirstTestngProgram -->
