<?xml version="1.0" encoding="UTF-8"?>
<!-- Generated by org.testng.reporters.JUnitReportReporter -->
<testsuite skipped="0" hostname="DESKTOP-U7TH2DH" name="SelfStudy2.GoogleTest" tests="5" failures="0" timestamp="2019-11-14T22:46:24 EST" time="30.892" errors="0">
  <testcase name="googleLogoTest" time="5.838" classname="SelfStudy2.GoogleTest"/>
  <testcase name="googleTitleTest" time="5.976" classname="SelfStudy2.GoogleTest"/>
  <testcase name="mailLinkTest" time="6.779" classname="SelfStudy2.GoogleTest"/>
  <testcase name="google3" time="6.715" classname="SelfStudy2.GoogleTest"/>
  <testcase name="googleT" time="5.584" classname="SelfStudy2.GoogleTest"/>
</testsuite> <!-- SelfStudy2.GoogleTest -->
