<?xml version="1.0" encoding="UTF-8"?>
<!-- Generated by org.testng.reporters.JUnitReportReporter -->
<testsuite skipped="0" hostname="DESKTOP-U7TH2DH" name="SelfStudy2.TestNGBasics" tests="3" failures="0" timestamp="2019-11-12T22:38:02 EST" time="0.018" errors="0">
  <testcase name="google3" time="0.011" classname="SelfStudy2.TestNGBasics"/>
  <testcase name="googleTitle" time="0.004" classname="SelfStudy2.TestNGBasics"/>
  <testcase name="googleT" time="0.003" classname="SelfStudy2.TestNGBasics"/>
</testsuite> <!-- SelfStudy2.TestNGBasics -->
