<?xml version="1.0" encoding="UTF-8"?>
<!-- Generated by org.testng.reporters.JUnitReportReporter -->
<testsuite skipped="3" hostname="DESKTOP-U7TH2DH" name="SelfStudy1.ApplicationTest" tests="3" failures="0" timestamp="2019-11-12T19:32:36 EST" time="0.011" errors="0">
  <testcase name="loginTest" time="0.011" classname="SelfStudy1.ApplicationTest">
    <skipped/>
  </testcase> <!-- loginTest -->
  <testcase name="passwordChangeTest" time="0.000" classname="SelfStudy1.ApplicationTest">
    <skipped/>
  </testcase> <!-- passwordChangeTest -->
  <testcase name="logoutTest" time="0.000" classname="SelfStudy1.ApplicationTest">
    <skipped/>
  </testcase> <!-- logoutTest -->
</testsuite> <!-- SelfStudy1.ApplicationTest -->
