<?xml version="1.0" encoding="UTF-8"?>
<!-- Generated by org.testng.reporters.JUnitReportReporter -->
<testsuite skipped="0" hostname="DESKTOP-U7TH2DH" name="com.wordpress.test.LoginTestNew" tests="1" failures="0" timestamp="26 Aug 2020 21:57:50 GMT" time="19.978" errors="0">
  <testcase name="verifyLoginCreditenials" time="19.978" classname="com.wordpress.test.LoginTestNew"/>
</testsuite> <!-- com.wordpress.test.LoginTestNew -->
