<?xml version="1.0" encoding="UTF-8"?>
<!-- Generated by org.testng.reporters.JUnitReportReporter -->
<testsuite skipped="0" hostname="DESKTOP-U7TH2DH" name="selenium.Testing1" tests="3" failures="0" timestamp="2019-11-16T14:07:00 EST" time="0.015" errors="0">
  <testcase name="test1" time="0.009" classname="selenium.Testing1"/>
  <testcase name="test3" time="0.003" classname="selenium.Testing1"/>
  <testcase name="test2" time="0.003" classname="selenium.Testing1"/>
</testsuite> <!-- selenium.Testing1 -->
