<?xml version="1.0" encoding="UTF-8"?>
<!-- Generated by org.testng.reporters.JUnitReportReporter -->
<testsuite skipped="0" hostname="DESKTOP-U7TH2DH" name="com.qa.test.LoginTest_withoutPageFactory" tests="1" failures="0" timestamp="2020-08-26T19:39:29 EDT" time="19.186" errors="0">
  <testcase name="verifyLoginCreditenials" time="19.186" classname="com.qa.test.LoginTest_withoutPageFactory"/>
</testsuite> <!-- com.qa.test.LoginTest_withoutPageFactory -->
